{"/Users/amaliaalmira/Downloads/MoneyTrees-2am /server/app.js": {"path":"/Users/amaliaalmira/Downloads/MoneyTrees-2am /server/app.js","statementMap":{"0":{"start":{"line":1,"column":25},"end":{"line":1,"column":50}},"1":{"start":{"line":2,"column":34},"end":{"line":2,"column":70}},"2":{"start":{"line":3,"column":39},"end":{"line":3,"column":63}},"3":{"start":{"line":4,"column":37},"end":{"line":4,"column":60}},"4":{"start":{"line":5,"column":43},"end":{"line":5,"column":69}},"5":{"start":{"line":6,"column":24},"end":{"line":6,"column":48}},"6":{"start":{"line":7,"column":13},"end":{"line":7,"column":37}},"7":{"start":{"line":10,"column":27},"end":{"line":44,"column":1}},"8":{"start":{"line":11,"column":17},"end":{"line":15,"column":4}},"9":{"start":{"line":17,"column":18},"end":{"line":40,"column":4}},"10":{"start":{"line":21,"column":30},"end":{"line":21,"column":61}},"11":{"start":{"line":22,"column":8},"end":{"line":22,"column":35}},"12":{"start":{"line":24,"column":8},"end":{"line":26,"column":9}},"13":{"start":{"line":25,"column":10},"end":{"line":25,"column":44}},"14":{"start":{"line":27,"column":32},"end":{"line":27,"column":56}},"15":{"start":{"line":28,"column":8},"end":{"line":30,"column":9}},"16":{"start":{"line":29,"column":10},"end":{"line":29,"column":44}},"17":{"start":{"line":31,"column":24},"end":{"line":31,"column":42}},"18":{"start":{"line":33,"column":8},"end":{"line":33,"column":36}},"19":{"start":{"line":34,"column":21},"end":{"line":34,"column":53}},"20":{"start":{"line":36,"column":8},"end":{"line":36,"column":20}},"21":{"start":{"line":38,"column":6},"end":{"line":38,"column":32}},"22":{"start":{"line":43,"column":2},"end":{"line":43,"column":25}},"23":{"start":{"line":47,"column":0},"end":{"line":52,"column":1}},"24":{"start":{"line":48,"column":2},"end":{"line":51,"column":7}},"25":{"start":{"line":49,"column":20},"end":{"line":49,"column":46}},"26":{"start":{"line":50,"column":4},"end":{"line":50,"column":45}},"27":{"start":{"line":54,"column":0},"end":{"line":56,"column":1}}},"fnMap":{"0":{"name":"(anonymous_0)","decl":{"start":{"line":10,"column":27},"end":{"line":10,"column":28}},"loc":{"start":{"line":10,"column":69},"end":{"line":44,"column":1}},"line":10},"1":{"name":"(anonymous_1)","decl":{"start":{"line":19,"column":13},"end":{"line":19,"column":14}},"loc":{"start":{"line":19,"column":32},"end":{"line":39,"column":5}},"line":19},"2":{"name":"authentication","decl":{"start":{"line":20,"column":21},"end":{"line":20,"column":35}},"loc":{"start":{"line":20,"column":38},"end":{"line":37,"column":7}},"line":20},"3":{"name":"(anonymous_3)","decl":{"start":{"line":48,"column":3},"end":{"line":48,"column":4}},"loc":{"start":{"line":48,"column":15},"end":{"line":51,"column":3}},"line":48}},"branchMap":{"0":{"loc":{"start":{"line":10,"column":34},"end":{"line":10,"column":64}},"type":"default-arg","locations":[{"start":{"line":10,"column":50},"end":{"line":10,"column":64}}],"line":10},"1":{"loc":{"start":{"line":21,"column":30},"end":{"line":21,"column":61}},"type":"binary-expr","locations":[{"start":{"line":21,"column":30},"end":{"line":21,"column":55}},{"start":{"line":21,"column":59},"end":{"line":21,"column":61}}],"line":21},"2":{"loc":{"start":{"line":24,"column":8},"end":{"line":26,"column":9}},"type":"if","locations":[{"start":{"line":24,"column":8},"end":{"line":26,"column":9}},{"start":{},"end":{}}],"line":24},"3":{"loc":{"start":{"line":28,"column":8},"end":{"line":30,"column":9}},"type":"if","locations":[{"start":{"line":28,"column":8},"end":{"line":30,"column":9}},{"start":{},"end":{}}],"line":28},"4":{"loc":{"start":{"line":47,"column":0},"end":{"line":52,"column":1}},"type":"if","locations":[{"start":{"line":47,"column":0},"end":{"line":52,"column":1}},{"start":{},"end":{}}],"line":47}},"s":{"0":3,"1":3,"2":3,"3":3,"4":3,"5":3,"6":3,"7":3,"8":4,"9":4,"10":19,"11":19,"12":19,"13":3,"14":16,"15":16,"16":0,"17":16,"18":16,"19":16,"20":16,"21":39,"22":4,"23":3,"24":0,"25":0,"26":0,"27":3},"f":{"0":4,"1":39,"2":19,"3":0},"b":{"0":[0],"1":[19,3],"2":[3,16],"3":[0,16],"4":[0,3]},"_coverageSchema":"1a1c01bbd47fc00a2c39e90264f33305004495a9","hash":"814aa8354cc063b1bc3d8075d013d94afce96f1f"}
,"/Users/amaliaalmira/Downloads/MoneyTrees-2am /server/config/mongodb.js": {"path":"/Users/amaliaalmira/Downloads/MoneyTrees-2am /server/config/mongodb.js","statementMap":{"0":{"start":{"line":1,"column":42},"end":{"line":1,"column":60}},"1":{"start":{"line":2,"column":0},"end":{"line":2,"column":27}},"2":{"start":{"line":4,"column":12},"end":{"line":4,"column":121}},"3":{"start":{"line":6,"column":15},"end":{"line":12,"column":2}},"4":{"start":{"line":14,"column":15},"end":{"line":14,"column":76}},"5":{"start":{"line":15,"column":11},"end":{"line":15,"column":28}},"6":{"start":{"line":17,"column":0},"end":{"line":20,"column":2}}},"fnMap":{},"branchMap":{"0":{"loc":{"start":{"line":14,"column":31},"end":{"line":14,"column":75}},"type":"cond-expr","locations":[{"start":{"line":14,"column":64},"end":{"line":14,"column":70}},{"start":{"line":14,"column":73},"end":{"line":14,"column":75}}],"line":14}},"s":{"0":3,"1":3,"2":3,"3":3,"4":3,"5":3,"6":3},"f":{},"b":{"0":[3,0]},"_coverageSchema":"1a1c01bbd47fc00a2c39e90264f33305004495a9","hash":"1fb3e41c1a5ca4fe795d273b0e3c145e4c62379c"}
,"/Users/amaliaalmira/Downloads/MoneyTrees-2am /server/helpers/bcrypt.js": {"path":"/Users/amaliaalmira/Downloads/MoneyTrees-2am /server/helpers/bcrypt.js","statementMap":{"0":{"start":{"line":1,"column":13},"end":{"line":1,"column":32}},"1":{"start":{"line":4,"column":2},"end":{"line":4,"column":35}},"2":{"start":{"line":8,"column":2},"end":{"line":8,"column":54}},"3":{"start":{"line":11,"column":0},"end":{"line":13,"column":1}}},"fnMap":{"0":{"name":"hashPassword","decl":{"start":{"line":3,"column":9},"end":{"line":3,"column":21}},"loc":{"start":{"line":3,"column":32},"end":{"line":5,"column":1}},"line":3},"1":{"name":"comparePassword","decl":{"start":{"line":7,"column":9},"end":{"line":7,"column":24}},"loc":{"start":{"line":7,"column":51},"end":{"line":9,"column":1}},"line":7}},"branchMap":{},"s":{"0":3,"1":0,"2":5,"3":3},"f":{"0":0,"1":5},"b":{},"_coverageSchema":"1a1c01bbd47fc00a2c39e90264f33305004495a9","hash":"ca976946040415d4f90aec146c1203adf76da90c"}
,"/Users/amaliaalmira/Downloads/MoneyTrees-2am /server/helpers/jwt.js": {"path":"/Users/amaliaalmira/Downloads/MoneyTrees-2am /server/helpers/jwt.js","statementMap":{"0":{"start":{"line":1,"column":12},"end":{"line":1,"column":35}},"1":{"start":{"line":2,"column":13},"end":{"line":2,"column":19}},"2":{"start":{"line":4,"column":4},"end":{"line":4,"column":35}},"3":{"start":{"line":8,"column":4},"end":{"line":8,"column":36}},"4":{"start":{"line":11,"column":0},"end":{"line":11,"column":40}}},"fnMap":{"0":{"name":"signToken","decl":{"start":{"line":3,"column":9},"end":{"line":3,"column":18}},"loc":{"start":{"line":3,"column":28},"end":{"line":5,"column":1}},"line":3},"1":{"name":"verifyToken","decl":{"start":{"line":7,"column":9},"end":{"line":7,"column":20}},"loc":{"start":{"line":7,"column":28},"end":{"line":9,"column":1}},"line":7}},"branchMap":{},"s":{"0":3,"1":3,"2":4,"3":16,"4":3},"f":{"0":4,"1":16},"b":{},"_coverageSchema":"1a1c01bbd47fc00a2c39e90264f33305004495a9","hash":"98dae248dede290b17edbd9c1bd4639554e883a9"}
,"/Users/amaliaalmira/Downloads/MoneyTrees-2am /server/models/trx.js": {"path":"/Users/amaliaalmira/Downloads/MoneyTrees-2am /server/models/trx.js","statementMap":{"0":{"start":{"line":1,"column":21},"end":{"line":1,"column":39}},"1":{"start":{"line":2,"column":15},"end":{"line":2,"column":43}},"2":{"start":{"line":5,"column":4},"end":{"line":5,"column":32}},"3":{"start":{"line":19,"column":4},"end":{"line":19,"column":66}},"4":{"start":{"line":20,"column":19},"end":{"line":20,"column":53}},"5":{"start":{"line":21,"column":4},"end":{"line":24,"column":5}},"6":{"start":{"line":29,"column":0},"end":{"line":29,"column":21}}},"fnMap":{"0":{"name":"(anonymous_0)","decl":{"start":{"line":4,"column":2},"end":{"line":4,"column":3}},"loc":{"start":{"line":4,"column":15},"end":{"line":6,"column":3}},"line":4},"1":{"name":"(anonymous_1)","decl":{"start":{"line":18,"column":2},"end":{"line":18,"column":3}},"loc":{"start":{"line":18,"column":30},"end":{"line":25,"column":1}},"line":18}},"branchMap":{},"s":{"0":3,"1":3,"2":6,"3":6,"4":6,"5":6,"6":3},"f":{"0":6,"1":6},"b":{},"_coverageSchema":"1a1c01bbd47fc00a2c39e90264f33305004495a9","hash":"6e5feeba59a9357f94ee3e79287c635d94f52eed"}
,"/Users/amaliaalmira/Downloads/MoneyTrees-2am /server/models/user.js": {"path":"/Users/amaliaalmira/Downloads/MoneyTrees-2am /server/models/user.js","statementMap":{"0":{"start":{"line":1,"column":21},"end":{"line":1,"column":39}},"1":{"start":{"line":2,"column":15},"end":{"line":2,"column":43}},"2":{"start":{"line":5,"column":8},"end":{"line":5,"column":36}},"3":{"start":{"line":9,"column":23},"end":{"line":9,"column":72}},"4":{"start":{"line":10,"column":8},"end":{"line":10,"column":21}},"5":{"start":{"line":19,"column":23},"end":{"line":19,"column":65}},"6":{"start":{"line":20,"column":8},"end":{"line":20,"column":22}},"7":{"start":{"line":24,"column":23},"end":{"line":24,"column":71}},"8":{"start":{"line":25,"column":8},"end":{"line":25,"column":22}},"9":{"start":{"line":29,"column":23},"end":{"line":29,"column":58}},"10":{"start":{"line":31,"column":8},"end":{"line":34,"column":9}},"11":{"start":{"line":38,"column":23},"end":{"line":47,"column":20}},"12":{"start":{"line":50,"column":8},"end":{"line":50,"column":21}},"13":{"start":{"line":55,"column":0},"end":{"line":55,"column":21}}},"fnMap":{"0":{"name":"(anonymous_0)","decl":{"start":{"line":4,"column":4},"end":{"line":4,"column":5}},"loc":{"start":{"line":4,"column":16},"end":{"line":6,"column":5}},"line":4},"1":{"name":"(anonymous_1)","decl":{"start":{"line":8,"column":4},"end":{"line":8,"column":5}},"loc":{"start":{"line":8,"column":29},"end":{"line":11,"column":5}},"line":8},"2":{"name":"(anonymous_2)","decl":{"start":{"line":18,"column":4},"end":{"line":18,"column":5}},"loc":{"start":{"line":18,"column":40},"end":{"line":21,"column":5}},"line":18},"3":{"name":"(anonymous_3)","decl":{"start":{"line":23,"column":4},"end":{"line":23,"column":5}},"loc":{"start":{"line":23,"column":42},"end":{"line":26,"column":5}},"line":23},"4":{"name":"(anonymous_4)","decl":{"start":{"line":28,"column":4},"end":{"line":28,"column":5}},"loc":{"start":{"line":28,"column":32},"end":{"line":35,"column":5}},"line":28},"5":{"name":"(anonymous_5)","decl":{"start":{"line":37,"column":4},"end":{"line":37,"column":5}},"loc":{"start":{"line":37,"column":38},"end":{"line":51,"column":5}},"line":37}},"branchMap":{},"s":{"0":3,"1":3,"2":27,"3":16,"4":16,"5":0,"6":0,"7":6,"8":6,"9":4,"10":4,"11":1,"12":1,"13":3},"f":{"0":27,"1":16,"2":0,"3":6,"4":4,"5":1},"b":{},"_coverageSchema":"1a1c01bbd47fc00a2c39e90264f33305004495a9","hash":"372ac75b299ed772255a5457d6ca27c55d0a0f92"}
,"/Users/amaliaalmira/Downloads/MoneyTrees-2am /server/models/wallet.js": {"path":"/Users/amaliaalmira/Downloads/MoneyTrees-2am /server/models/wallet.js","statementMap":{"0":{"start":{"line":1,"column":15},"end":{"line":1,"column":43}},"1":{"start":{"line":6,"column":8},"end":{"line":6,"column":38}},"2":{"start":{"line":10,"column":8},"end":{"line":10,"column":76}},"3":{"start":{"line":12,"column":23},"end":{"line":12,"column":60}},"4":{"start":{"line":14,"column":8},"end":{"line":17,"column":9}},"5":{"start":{"line":42,"column":0},"end":{"line":42,"column":23}}},"fnMap":{"0":{"name":"(anonymous_0)","decl":{"start":{"line":5,"column":4},"end":{"line":5,"column":5}},"loc":{"start":{"line":5,"column":17},"end":{"line":7,"column":5}},"line":5},"1":{"name":"(anonymous_1)","decl":{"start":{"line":9,"column":4},"end":{"line":9,"column":5}},"loc":{"start":{"line":9,"column":34},"end":{"line":18,"column":5}},"line":9}},"branchMap":{},"s":{"0":3,"1":7,"2":7,"3":7,"4":7,"5":3},"f":{"0":7,"1":7},"b":{},"_coverageSchema":"1a1c01bbd47fc00a2c39e90264f33305004495a9","hash":"a9540e6405aac443fe89c74798cc497bb652f089"}
,"/Users/amaliaalmira/Downloads/MoneyTrees-2am /server/schema/trx.js": {"path":"/Users/amaliaalmira/Downloads/MoneyTrees-2am /server/schema/trx.js","statementMap":{"0":{"start":{"line":1,"column":21},"end":{"line":1,"column":40}},"1":{"start":{"line":2,"column":15},"end":{"line":2,"column":43}},"2":{"start":{"line":5,"column":12},"end":{"line":5,"column":36}},"3":{"start":{"line":6,"column":21},"end":{"line":6,"column":39}},"4":{"start":{"line":8,"column":20},"end":{"line":37,"column":1}},"5":{"start":{"line":39,"column":20},"end":{"line":64,"column":1}},"6":{"start":{"line":42,"column":19},"end":{"line":42,"column":54}},"7":{"start":{"line":44,"column":6},"end":{"line":44,"column":39}},"8":{"start":{"line":45,"column":6},"end":{"line":47,"column":7}},"9":{"start":{"line":46,"column":8},"end":{"line":46,"column":51}},"10":{"start":{"line":49,"column":6},"end":{"line":51,"column":7}},"11":{"start":{"line":50,"column":8},"end":{"line":50,"column":44}},"12":{"start":{"line":53,"column":6},"end":{"line":53,"column":49}},"13":{"start":{"line":54,"column":6},"end":{"line":54,"column":29}},"14":{"start":{"line":56,"column":21},"end":{"line":56,"column":43}},"15":{"start":{"line":57,"column":19},"end":{"line":57,"column":78}},"16":{"start":{"line":58,"column":6},"end":{"line":58,"column":54}},"17":{"start":{"line":59,"column":6},"end":{"line":59,"column":113}},"18":{"start":{"line":60,"column":6},"end":{"line":60,"column":20}},"19":{"start":{"line":66,"column":0},"end":{"line":69,"column":2}}},"fnMap":{"0":{"name":"(anonymous_0)","decl":{"start":{"line":41,"column":12},"end":{"line":41,"column":13}},"loc":{"start":{"line":41,"column":54},"end":{"line":61,"column":5}},"line":41}},"branchMap":{"0":{"loc":{"start":{"line":45,"column":6},"end":{"line":47,"column":7}},"type":"if","locations":[{"start":{"line":45,"column":6},"end":{"line":47,"column":7}},{"start":{},"end":{}}],"line":45},"1":{"loc":{"start":{"line":49,"column":6},"end":{"line":51,"column":7}},"type":"if","locations":[{"start":{"line":49,"column":6},"end":{"line":51,"column":7}},{"start":{},"end":{}}],"line":49}},"s":{"0":3,"1":3,"2":3,"3":3,"4":3,"5":3,"6":8,"7":6,"8":6,"9":0,"10":6,"11":3,"12":6,"13":6,"14":6,"15":6,"16":6,"17":6,"18":6,"19":3},"f":{"0":8},"b":{"0":[0,6],"1":[3,3]},"_coverageSchema":"1a1c01bbd47fc00a2c39e90264f33305004495a9","hash":"1de3a9c138b9a9e5594dfc564292cecb3d9b4384"}
,"/Users/amaliaalmira/Downloads/MoneyTrees-2am /server/schema/user.js": {"path":"/Users/amaliaalmira/Downloads/MoneyTrees-2am /server/schema/user.js","statementMap":{"0":{"start":{"line":1,"column":21},"end":{"line":1,"column":40}},"1":{"start":{"line":2,"column":13},"end":{"line":2,"column":38}},"2":{"start":{"line":3,"column":15},"end":{"line":3,"column":43}},"3":{"start":{"line":4,"column":21},"end":{"line":4,"column":39}},"4":{"start":{"line":5,"column":28},"end":{"line":5,"column":56}},"5":{"start":{"line":6,"column":22},"end":{"line":6,"column":47}},"6":{"start":{"line":7,"column":17},"end":{"line":7,"column":40}},"7":{"start":{"line":8,"column":21},"end":{"line":8,"column":39}},"8":{"start":{"line":9,"column":15},"end":{"line":9,"column":42}},"9":{"start":{"line":11,"column":21},"end":{"line":75,"column":1}},"10":{"start":{"line":77,"column":21},"end":{"line":300,"column":1}},"11":{"start":{"line":86,"column":6},"end":{"line":86,"column":49}},"12":{"start":{"line":87,"column":22},"end":{"line":87,"column":26}},"13":{"start":{"line":89,"column":19},"end":{"line":89,"column":54}},"14":{"start":{"line":90,"column":6},"end":{"line":92,"column":7}},"15":{"start":{"line":91,"column":8},"end":{"line":91,"column":42}},"16":{"start":{"line":93,"column":18},"end":{"line":93,"column":20}},"17":{"start":{"line":94,"column":24},"end":{"line":94,"column":26}},"18":{"start":{"line":95,"column":25},"end":{"line":95,"column":27}},"19":{"start":{"line":97,"column":19},"end":{"line":127,"column":18}},"20":{"start":{"line":129,"column":25},"end":{"line":150,"column":18}},"21":{"start":{"line":152,"column":22},"end":{"line":172,"column":18}},"22":{"start":{"line":173,"column":26},"end":{"line":194,"column":18}},"23":{"start":{"line":196,"column":6},"end":{"line":196,"column":36}},"24":{"start":{"line":197,"column":6},"end":{"line":199,"column":9}},"25":{"start":{"line":198,"column":8},"end":{"line":198,"column":35}},"26":{"start":{"line":200,"column":6},"end":{"line":202,"column":9}},"27":{"start":{"line":201,"column":8},"end":{"line":201,"column":41}},"28":{"start":{"line":203,"column":6},"end":{"line":205,"column":9}},"29":{"start":{"line":204,"column":8},"end":{"line":204,"column":43}},"30":{"start":{"line":207,"column":6},"end":{"line":213,"column":8}},"31":{"start":{"line":216,"column":21},"end":{"line":216,"column":52}},"32":{"start":{"line":218,"column":6},"end":{"line":218,"column":20}},"33":{"start":{"line":223,"column":6},"end":{"line":225,"column":7}},"34":{"start":{"line":224,"column":8},"end":{"line":224,"column":52}},"35":{"start":{"line":227,"column":28},"end":{"line":229,"column":45}},"36":{"start":{"line":231,"column":6},"end":{"line":233,"column":7}},"37":{"start":{"line":232,"column":8},"end":{"line":232,"column":51}},"38":{"start":{"line":235,"column":6},"end":{"line":237,"column":7}},"39":{"start":{"line":236,"column":8},"end":{"line":236,"column":49}},"40":{"start":{"line":239,"column":28},"end":{"line":243,"column":7}},"41":{"start":{"line":240,"column":8},"end":{"line":242,"column":10}},"42":{"start":{"line":245,"column":6},"end":{"line":247,"column":7}},"43":{"start":{"line":246,"column":8},"end":{"line":246,"column":48}},"44":{"start":{"line":249,"column":20},"end":{"line":249,"column":30}},"45":{"start":{"line":250,"column":25},"end":{"line":250,"column":71}},"46":{"start":{"line":252,"column":6},"end":{"line":254,"column":7}},"47":{"start":{"line":253,"column":8},"end":{"line":253,"column":48}},"48":{"start":{"line":256,"column":6},"end":{"line":258,"column":7}},"49":{"start":{"line":257,"column":8},"end":{"line":257,"column":52}},"50":{"start":{"line":260,"column":6},"end":{"line":262,"column":7}},"51":{"start":{"line":261,"column":8},"end":{"line":261,"column":49}},"52":{"start":{"line":263,"column":6},"end":{"line":263,"column":46}},"53":{"start":{"line":264,"column":21},"end":{"line":264,"column":44}},"54":{"start":{"line":266,"column":6},"end":{"line":266,"column":44}},"55":{"start":{"line":268,"column":6},"end":{"line":273,"column":9}},"56":{"start":{"line":275,"column":6},"end":{"line":275,"column":29}},"57":{"start":{"line":277,"column":6},"end":{"line":277,"column":20}},"58":{"start":{"line":281,"column":6},"end":{"line":282,"column":58}},"59":{"start":{"line":282,"column":8},"end":{"line":282,"column":58}},"60":{"start":{"line":283,"column":6},"end":{"line":283,"column":62}},"61":{"start":{"line":283,"column":21},"end":{"line":283,"column":62}},"62":{"start":{"line":285,"column":19},"end":{"line":287,"column":45}},"63":{"start":{"line":289,"column":6},"end":{"line":289,"column":58}},"64":{"start":{"line":289,"column":17},"end":{"line":289,"column":58}},"65":{"start":{"line":291,"column":30},"end":{"line":291,"column":70}},"66":{"start":{"line":293,"column":6},"end":{"line":293,"column":65}},"67":{"start":{"line":293,"column":28},"end":{"line":293,"column":65}},"68":{"start":{"line":295,"column":6},"end":{"line":295,"column":54}},"69":{"start":{"line":297,"column":6},"end":{"line":297,"column":18}},"70":{"start":{"line":302,"column":0},"end":{"line":305,"column":2}}},"fnMap":{"0":{"name":"(anonymous_0)","decl":{"start":{"line":85,"column":21},"end":{"line":85,"column":22}},"loc":{"start":{"line":85,"column":59},"end":{"line":214,"column":5}},"line":85},"1":{"name":"(anonymous_1)","decl":{"start":{"line":197,"column":15},"end":{"line":197,"column":16}},"loc":{"start":{"line":197,"column":23},"end":{"line":199,"column":7}},"line":197},"2":{"name":"(anonymous_2)","decl":{"start":{"line":200,"column":21},"end":{"line":200,"column":22}},"loc":{"start":{"line":200,"column":29},"end":{"line":202,"column":7}},"line":200},"3":{"name":"(anonymous_3)","decl":{"start":{"line":203,"column":22},"end":{"line":203,"column":23}},"loc":{"start":{"line":203,"column":30},"end":{"line":205,"column":7}},"line":203},"4":{"name":"(anonymous_4)","decl":{"start":{"line":215,"column":16},"end":{"line":215,"column":17}},"loc":{"start":{"line":215,"column":48},"end":{"line":219,"column":5}},"line":215},"5":{"name":"(anonymous_5)","decl":{"start":{"line":222,"column":14},"end":{"line":222,"column":15}},"loc":{"start":{"line":222,"column":42},"end":{"line":278,"column":5}},"line":222},"6":{"name":"(anonymous_6)","decl":{"start":{"line":239,"column":28},"end":{"line":239,"column":29}},"loc":{"start":{"line":239,"column":39},"end":{"line":243,"column":7}},"line":239},"7":{"name":"(anonymous_7)","decl":{"start":{"line":280,"column":11},"end":{"line":280,"column":12}},"loc":{"start":{"line":280,"column":60},"end":{"line":298,"column":5}},"line":280}},"branchMap":{"0":{"loc":{"start":{"line":90,"column":6},"end":{"line":92,"column":7}},"type":"if","locations":[{"start":{"line":90,"column":6},"end":{"line":92,"column":7}},{"start":{},"end":{}}],"line":90},"1":{"loc":{"start":{"line":223,"column":6},"end":{"line":225,"column":7}},"type":"if","locations":[{"start":{"line":223,"column":6},"end":{"line":225,"column":7}},{"start":{},"end":{}}],"line":223},"2":{"loc":{"start":{"line":231,"column":6},"end":{"line":233,"column":7}},"type":"if","locations":[{"start":{"line":231,"column":6},"end":{"line":233,"column":7}},{"start":{},"end":{}}],"line":231},"3":{"loc":{"start":{"line":235,"column":6},"end":{"line":237,"column":7}},"type":"if","locations":[{"start":{"line":235,"column":6},"end":{"line":237,"column":7}},{"start":{},"end":{}}],"line":235},"4":{"loc":{"start":{"line":245,"column":6},"end":{"line":247,"column":7}},"type":"if","locations":[{"start":{"line":245,"column":6},"end":{"line":247,"column":7}},{"start":{},"end":{}}],"line":245},"5":{"loc":{"start":{"line":252,"column":6},"end":{"line":254,"column":7}},"type":"if","locations":[{"start":{"line":252,"column":6},"end":{"line":254,"column":7}},{"start":{},"end":{}}],"line":252},"6":{"loc":{"start":{"line":256,"column":6},"end":{"line":258,"column":7}},"type":"if","locations":[{"start":{"line":256,"column":6},"end":{"line":258,"column":7}},{"start":{},"end":{}}],"line":256},"7":{"loc":{"start":{"line":260,"column":6},"end":{"line":262,"column":7}},"type":"if","locations":[{"start":{"line":260,"column":6},"end":{"line":262,"column":7}},{"start":{},"end":{}}],"line":260},"8":{"loc":{"start":{"line":281,"column":6},"end":{"line":282,"column":58}},"type":"if","locations":[{"start":{"line":281,"column":6},"end":{"line":282,"column":58}},{"start":{},"end":{}}],"line":281},"9":{"loc":{"start":{"line":281,"column":10},"end":{"line":281,"column":29}},"type":"binary-expr","locations":[{"start":{"line":281,"column":10},"end":{"line":281,"column":16}},{"start":{"line":281,"column":20},"end":{"line":281,"column":29}}],"line":281},"10":{"loc":{"start":{"line":283,"column":6},"end":{"line":283,"column":62}},"type":"if","locations":[{"start":{"line":283,"column":6},"end":{"line":283,"column":62}},{"start":{},"end":{}}],"line":283},"11":{"loc":{"start":{"line":285,"column":19},"end":{"line":287,"column":45}},"type":"cond-expr","locations":[{"start":{"line":286,"column":10},"end":{"line":286,"column":43}},{"start":{"line":287,"column":10},"end":{"line":287,"column":45}}],"line":285},"12":{"loc":{"start":{"line":289,"column":6},"end":{"line":289,"column":58}},"type":"if","locations":[{"start":{"line":289,"column":6},"end":{"line":289,"column":58}},{"start":{},"end":{}}],"line":289},"13":{"loc":{"start":{"line":293,"column":6},"end":{"line":293,"column":65}},"type":"if","locations":[{"start":{"line":293,"column":6},"end":{"line":293,"column":65}},{"start":{},"end":{}}],"line":293}},"s":{"0":3,"1":3,"2":3,"3":3,"4":3,"5":3,"6":3,"7":3,"8":3,"9":3,"10":3,"11":1,"12":1,"13":1,"14":1,"15":0,"16":1,"17":1,"18":1,"19":1,"20":1,"21":1,"22":1,"23":1,"24":1,"25":2,"26":1,"27":1,"28":1,"29":1,"30":1,"31":1,"32":1,"33":11,"34":0,"35":11,"36":11,"37":4,"38":7,"39":1,"40":6,"41":6,"42":6,"43":0,"44":6,"45":6,"46":6,"47":0,"48":6,"49":1,"50":5,"51":1,"52":4,"53":4,"54":4,"55":4,"56":4,"57":4,"58":8,"59":1,"60":7,"61":1,"62":6,"63":6,"64":1,"65":5,"66":5,"67":1,"68":4,"69":4,"70":3},"f":{"0":1,"1":2,"2":1,"3":1,"4":1,"5":11,"6":6,"7":8},"b":{"0":[0,1],"1":[0,11],"2":[4,7],"3":[1,6],"4":[0,6],"5":[0,6],"6":[1,5],"7":[1,4],"8":[1,7],"9":[8,8],"10":[1,6],"11":[0,6],"12":[1,5],"13":[1,4]},"_coverageSchema":"1a1c01bbd47fc00a2c39e90264f33305004495a9","hash":"0f0e24d3fa31c0c5861e90c295959d88f12c8c12"}
,"/Users/amaliaalmira/Downloads/MoneyTrees-2am /server/schema/wallet.js": {"path":"/Users/amaliaalmira/Downloads/MoneyTrees-2am /server/schema/wallet.js","statementMap":{"0":{"start":{"line":1,"column":21},"end":{"line":1,"column":39}},"1":{"start":{"line":2,"column":15},"end":{"line":2,"column":42}},"2":{"start":{"line":3,"column":15},"end":{"line":3,"column":43}},"3":{"start":{"line":4,"column":13},"end":{"line":4,"column":38}},"4":{"start":{"line":6,"column":23},"end":{"line":58,"column":1}},"5":{"start":{"line":60,"column":23},"end":{"line":336,"column":1}},"6":{"start":{"line":63,"column":6},"end":{"line":63,"column":24}},"7":{"start":{"line":65,"column":19},"end":{"line":65,"column":54}},"8":{"start":{"line":69,"column":21},"end":{"line":81,"column":18}},"9":{"start":{"line":82,"column":6},"end":{"line":82,"column":26}},"10":{"start":{"line":84,"column":6},"end":{"line":84,"column":20}},"11":{"start":{"line":87,"column":6},"end":{"line":87,"column":32}},"12":{"start":{"line":89,"column":19},"end":{"line":89,"column":54}},"13":{"start":{"line":94,"column":24},"end":{"line":94,"column":43}},"14":{"start":{"line":97,"column":22},"end":{"line":97,"column":76}},"15":{"start":{"line":99,"column":6},"end":{"line":99,"column":57}},"16":{"start":{"line":101,"column":21},"end":{"line":141,"column":18}},"17":{"start":{"line":143,"column":6},"end":{"line":143,"column":26}},"18":{"start":{"line":144,"column":6},"end":{"line":144,"column":20}},"19":{"start":{"line":147,"column":6},"end":{"line":147,"column":32}},"20":{"start":{"line":149,"column":19},"end":{"line":149,"column":54}},"21":{"start":{"line":154,"column":24},"end":{"line":154,"column":43}},"22":{"start":{"line":157,"column":22},"end":{"line":157,"column":76}},"23":{"start":{"line":159,"column":6},"end":{"line":159,"column":57}},"24":{"start":{"line":161,"column":21},"end":{"line":201,"column":18}},"25":{"start":{"line":203,"column":6},"end":{"line":203,"column":26}},"26":{"start":{"line":204,"column":6},"end":{"line":204,"column":20}},"27":{"start":{"line":207,"column":6},"end":{"line":207,"column":24}},"28":{"start":{"line":209,"column":19},"end":{"line":209,"column":54}},"29":{"start":{"line":210,"column":6},"end":{"line":212,"column":7}},"30":{"start":{"line":211,"column":8},"end":{"line":211,"column":42}},"31":{"start":{"line":213,"column":6},"end":{"line":213,"column":38}},"32":{"start":{"line":215,"column":21},"end":{"line":235,"column":18}},"33":{"start":{"line":236,"column":6},"end":{"line":236,"column":26}},"34":{"start":{"line":238,"column":6},"end":{"line":238,"column":20}},"35":{"start":{"line":244,"column":6},"end":{"line":282,"column":7}},"36":{"start":{"line":245,"column":21},"end":{"line":245,"column":56}},"37":{"start":{"line":249,"column":8},"end":{"line":249,"column":41}},"38":{"start":{"line":251,"column":8},"end":{"line":251,"column":46}},"39":{"start":{"line":253,"column":8},"end":{"line":258,"column":9}},"40":{"start":{"line":254,"column":10},"end":{"line":254,"column":28}},"41":{"start":{"line":255,"column":10},"end":{"line":255,"column":34}},"42":{"start":{"line":257,"column":10},"end":{"line":257,"column":28}},"43":{"start":{"line":260,"column":8},"end":{"line":260,"column":23}},"44":{"start":{"line":261,"column":8},"end":{"line":261,"column":26}},"45":{"start":{"line":263,"column":8},"end":{"line":272,"column":10}},"46":{"start":{"line":265,"column":30},"end":{"line":265,"column":63}},"47":{"start":{"line":266,"column":12},"end":{"line":266,"column":49}},"48":{"start":{"line":267,"column":12},"end":{"line":267,"column":43}},"49":{"start":{"line":268,"column":12},"end":{"line":268,"column":61}},"50":{"start":{"line":270,"column":12},"end":{"line":270,"column":19}},"51":{"start":{"line":274,"column":8},"end":{"line":274,"column":55}},"52":{"start":{"line":276,"column":8},"end":{"line":276,"column":27}},"53":{"start":{"line":277,"column":23},"end":{"line":277,"column":48}},"54":{"start":{"line":279,"column":8},"end":{"line":279,"column":22}},"55":{"start":{"line":281,"column":8},"end":{"line":281,"column":53}},"56":{"start":{"line":285,"column":6},"end":{"line":285,"column":24}},"57":{"start":{"line":287,"column":19},"end":{"line":287,"column":54}},"58":{"start":{"line":288,"column":6},"end":{"line":290,"column":7}},"59":{"start":{"line":289,"column":8},"end":{"line":289,"column":42}},"60":{"start":{"line":291,"column":25},"end":{"line":293,"column":49}},"61":{"start":{"line":294,"column":6},"end":{"line":294,"column":44}},"62":{"start":{"line":296,"column":21},"end":{"line":301,"column":7}},"63":{"start":{"line":302,"column":6},"end":{"line":302,"column":26}},"64":{"start":{"line":303,"column":23},"end":{"line":305,"column":54}},"65":{"start":{"line":306,"column":6},"end":{"line":306,"column":54}},"66":{"start":{"line":307,"column":6},"end":{"line":307,"column":22}},"67":{"start":{"line":310,"column":6},"end":{"line":310,"column":24}},"68":{"start":{"line":312,"column":19},"end":{"line":312,"column":54}},"69":{"start":{"line":313,"column":6},"end":{"line":315,"column":7}},"70":{"start":{"line":314,"column":8},"end":{"line":314,"column":42}},"71":{"start":{"line":316,"column":25},"end":{"line":318,"column":49}},"72":{"start":{"line":319,"column":6},"end":{"line":319,"column":44}},"73":{"start":{"line":321,"column":21},"end":{"line":327,"column":7}},"74":{"start":{"line":328,"column":6},"end":{"line":328,"column":26}},"75":{"start":{"line":329,"column":23},"end":{"line":331,"column":54}},"76":{"start":{"line":332,"column":6},"end":{"line":332,"column":54}},"77":{"start":{"line":333,"column":6},"end":{"line":333,"column":22}},"78":{"start":{"line":338,"column":0},"end":{"line":338,"column":52}}},"fnMap":{"0":{"name":"(anonymous_0)","decl":{"start":{"line":62,"column":26},"end":{"line":62,"column":27}},"loc":{"start":{"line":62,"column":64},"end":{"line":85,"column":5}},"line":62},"1":{"name":"(anonymous_1)","decl":{"start":{"line":86,"column":31},"end":{"line":86,"column":32}},"loc":{"start":{"line":86,"column":69},"end":{"line":145,"column":5}},"line":86},"2":{"name":"(anonymous_2)","decl":{"start":{"line":146,"column":37},"end":{"line":146,"column":38}},"loc":{"start":{"line":146,"column":75},"end":{"line":205,"column":5}},"line":146},"3":{"name":"(anonymous_3)","decl":{"start":{"line":206,"column":33},"end":{"line":206,"column":34}},"loc":{"start":{"line":206,"column":71},"end":{"line":239,"column":5}},"line":206},"4":{"name":"(anonymous_4)","decl":{"start":{"line":243,"column":15},"end":{"line":243,"column":16}},"loc":{"start":{"line":243,"column":57},"end":{"line":283,"column":5}},"line":243},"5":{"name":"(anonymous_5)","decl":{"start":{"line":264,"column":26},"end":{"line":264,"column":27}},"loc":{"start":{"line":264,"column":50},"end":{"line":271,"column":11}},"line":264},"6":{"name":"(anonymous_6)","decl":{"start":{"line":284,"column":19},"end":{"line":284,"column":20}},"loc":{"start":{"line":284,"column":61},"end":{"line":308,"column":5}},"line":284},"7":{"name":"(anonymous_7)","decl":{"start":{"line":309,"column":19},"end":{"line":309,"column":20}},"loc":{"start":{"line":309,"column":61},"end":{"line":334,"column":5}},"line":309}},"branchMap":{"0":{"loc":{"start":{"line":210,"column":6},"end":{"line":212,"column":7}},"type":"if","locations":[{"start":{"line":210,"column":6},"end":{"line":212,"column":7}},{"start":{},"end":{}}],"line":210},"1":{"loc":{"start":{"line":253,"column":8},"end":{"line":258,"column":9}},"type":"if","locations":[{"start":{"line":253,"column":8},"end":{"line":258,"column":9}},{"start":{"line":256,"column":15},"end":{"line":258,"column":9}}],"line":253},"2":{"loc":{"start":{"line":288,"column":6},"end":{"line":290,"column":7}},"type":"if","locations":[{"start":{"line":288,"column":6},"end":{"line":290,"column":7}},{"start":{},"end":{}}],"line":288},"3":{"loc":{"start":{"line":313,"column":6},"end":{"line":315,"column":7}},"type":"if","locations":[{"start":{"line":313,"column":6},"end":{"line":315,"column":7}},{"start":{},"end":{}}],"line":313}},"s":{"0":3,"1":3,"2":3,"3":3,"4":3,"5":3,"6":2,"7":2,"8":1,"9":1,"10":1,"11":1,"12":1,"13":1,"14":1,"15":1,"16":1,"17":1,"18":1,"19":1,"20":1,"21":1,"22":1,"23":1,"24":1,"25":1,"26":1,"27":1,"28":1,"29":1,"30":0,"31":1,"32":1,"33":1,"34":1,"35":3,"36":3,"37":3,"38":3,"39":3,"40":3,"41":3,"42":0,"43":3,"44":3,"45":3,"46":0,"47":0,"48":0,"49":0,"50":0,"51":3,"52":3,"53":3,"54":3,"55":0,"56":1,"57":1,"58":1,"59":0,"60":1,"61":1,"62":1,"63":1,"64":1,"65":1,"66":1,"67":1,"68":1,"69":1,"70":0,"71":1,"72":1,"73":1,"74":1,"75":1,"76":1,"77":1,"78":3},"f":{"0":2,"1":1,"2":1,"3":1,"4":3,"5":0,"6":1,"7":1},"b":{"0":[0,1],"1":[3,0],"2":[0,1],"3":[0,1]},"_coverageSchema":"1a1c01bbd47fc00a2c39e90264f33305004495a9","hash":"b1e4a391c9c8d2fcebff62f7786fdadc9807eb3e"}
}
