TN:
SF:app.js
FN:10,(anonymous_0)
FN:19,(anonymous_1)
FN:20,authentication
FN:48,(anonymous_3)
FNF:4
FNH:3
FNDA:4,(anonymous_0)
FNDA:39,(anonymous_1)
FNDA:19,authentication
FNDA:0,(anonymous_3)
DA:1,3
DA:2,3
DA:3,3
DA:4,3
DA:5,3
DA:6,3
DA:7,3
DA:10,3
DA:11,4
DA:17,4
DA:21,19
DA:22,19
DA:24,19
DA:25,3
DA:27,16
DA:28,16
DA:29,0
DA:31,16
DA:33,16
DA:34,16
DA:36,16
DA:38,39
DA:43,4
DA:47,3
DA:48,0
DA:49,0
DA:50,0
DA:54,3
LF:28
LH:24
BRDA:10,0,0,0
BRDA:21,1,0,19
BRDA:21,1,1,3
BRDA:24,2,0,3
BRDA:24,2,1,16
BRDA:28,3,0,0
BRDA:28,3,1,16
BRDA:47,4,0,0
BRDA:47,4,1,3
BRF:9
BRH:6
end_of_record
TN:
SF:config/mongodb.js
FNF:0
FNH:0
DA:1,3
DA:2,3
DA:4,3
DA:6,3
DA:14,3
DA:15,3
DA:17,3
LF:7
LH:7
BRDA:14,0,0,3
BRDA:14,0,1,0
BRF:2
BRH:1
end_of_record
TN:
SF:helpers/bcrypt.js
FN:3,hashPassword
FN:7,comparePassword
FNF:2
FNH:1
FNDA:0,hashPassword
FNDA:5,comparePassword
DA:1,3
DA:4,0
DA:8,5
DA:11,3
LF:4
LH:3
BRF:0
BRH:0
end_of_record
TN:
SF:helpers/jwt.js
FN:3,signToken
FN:7,verifyToken
FNF:2
FNH:2
FNDA:4,signToken
FNDA:16,verifyToken
DA:1,3
DA:2,3
DA:4,4
DA:8,16
DA:11,3
LF:5
LH:5
BRF:0
BRH:0
end_of_record
TN:
SF:models/trx.js
FN:4,(anonymous_0)
FN:18,(anonymous_1)
FNF:2
FNH:2
FNDA:6,(anonymous_0)
FNDA:6,(anonymous_1)
DA:1,3
DA:2,3
DA:5,6
DA:19,6
DA:20,6
DA:21,6
DA:29,3
LF:7
LH:7
BRF:0
BRH:0
end_of_record
TN:
SF:models/user.js
FN:4,(anonymous_0)
FN:8,(anonymous_1)
FN:18,(anonymous_2)
FN:23,(anonymous_3)
FN:28,(anonymous_4)
FN:37,(anonymous_5)
FNF:6
FNH:5
FNDA:27,(anonymous_0)
FNDA:16,(anonymous_1)
FNDA:0,(anonymous_2)
FNDA:6,(anonymous_3)
FNDA:4,(anonymous_4)
FNDA:1,(anonymous_5)
DA:1,3
DA:2,3
DA:5,27
DA:9,16
DA:10,16
DA:19,0
DA:20,0
DA:24,6
DA:25,6
DA:29,4
DA:31,4
DA:38,1
DA:50,1
DA:55,3
LF:14
LH:12
BRF:0
BRH:0
end_of_record
TN:
SF:models/wallet.js
FN:5,(anonymous_0)
FN:9,(anonymous_1)
FNF:2
FNH:2
FNDA:7,(anonymous_0)
FNDA:7,(anonymous_1)
DA:1,3
DA:6,7
DA:10,7
DA:12,7
DA:14,7
DA:42,3
LF:6
LH:6
BRF:0
BRH:0
end_of_record
TN:
SF:schema/trx.js
FN:41,(anonymous_0)
FNF:1
FNH:1
FNDA:8,(anonymous_0)
DA:1,3
DA:2,3
DA:5,3
DA:6,3
DA:8,3
DA:39,3
DA:42,8
DA:44,6
DA:45,6
DA:46,0
DA:49,6
DA:50,3
DA:53,6
DA:54,6
DA:56,6
DA:57,6
DA:58,6
DA:59,6
DA:60,6
DA:66,3
LF:20
LH:19
BRDA:45,0,0,0
BRDA:45,0,1,6
BRDA:49,1,0,3
BRDA:49,1,1,3
BRF:4
BRH:3
end_of_record
TN:
SF:schema/user.js
FN:85,(anonymous_0)
FN:197,(anonymous_1)
FN:200,(anonymous_2)
FN:203,(anonymous_3)
FN:215,(anonymous_4)
FN:222,(anonymous_5)
FN:239,(anonymous_6)
FN:280,(anonymous_7)
FNF:8
FNH:8
FNDA:1,(anonymous_0)
FNDA:2,(anonymous_1)
FNDA:1,(anonymous_2)
FNDA:1,(anonymous_3)
FNDA:1,(anonymous_4)
FNDA:11,(anonymous_5)
FNDA:6,(anonymous_6)
FNDA:8,(anonymous_7)
DA:1,3
DA:2,3
DA:3,3
DA:4,3
DA:5,3
DA:6,3
DA:7,3
DA:8,3
DA:9,3
DA:11,3
DA:77,3
DA:86,1
DA:87,1
DA:89,1
DA:90,1
DA:91,0
DA:93,1
DA:94,1
DA:95,1
DA:97,1
DA:129,1
DA:152,1
DA:173,1
DA:196,1
DA:197,1
DA:198,2
DA:200,1
DA:201,1
DA:203,1
DA:204,1
DA:207,1
DA:216,1
DA:218,1
DA:223,11
DA:224,0
DA:227,11
DA:231,11
DA:232,4
DA:235,7
DA:236,1
DA:239,6
DA:240,6
DA:245,6
DA:246,0
DA:249,6
DA:250,6
DA:252,6
DA:253,0
DA:256,6
DA:257,1
DA:260,5
DA:261,1
DA:263,4
DA:264,4
DA:266,4
DA:268,4
DA:275,4
DA:277,4
DA:281,8
DA:282,1
DA:283,7
DA:285,6
DA:289,6
DA:291,5
DA:293,5
DA:295,4
DA:297,4
DA:302,3
LF:68
LH:64
BRDA:90,0,0,0
BRDA:90,0,1,1
BRDA:223,1,0,0
BRDA:223,1,1,11
BRDA:231,2,0,4
BRDA:231,2,1,7
BRDA:235,3,0,1
BRDA:235,3,1,6
BRDA:245,4,0,0
BRDA:245,4,1,6
BRDA:252,5,0,0
BRDA:252,5,1,6
BRDA:256,6,0,1
BRDA:256,6,1,5
BRDA:260,7,0,1
BRDA:260,7,1,4
BRDA:281,8,0,1
BRDA:281,8,1,7
BRDA:281,9,0,8
BRDA:281,9,1,8
BRDA:283,10,0,1
BRDA:283,10,1,6
BRDA:285,11,0,0
BRDA:285,11,1,6
BRDA:289,12,0,1
BRDA:289,12,1,5
BRDA:293,13,0,1
BRDA:293,13,1,4
BRF:28
BRH:23
end_of_record
TN:
SF:schema/wallet.js
FN:62,(anonymous_0)
FN:86,(anonymous_1)
FN:146,(anonymous_2)
FN:206,(anonymous_3)
FN:243,(anonymous_4)
FN:264,(anonymous_5)
FN:284,(anonymous_6)
FN:309,(anonymous_7)
FNF:8
FNH:7
FNDA:2,(anonymous_0)
FNDA:1,(anonymous_1)
FNDA:1,(anonymous_2)
FNDA:1,(anonymous_3)
FNDA:3,(anonymous_4)
FNDA:0,(anonymous_5)
FNDA:1,(anonymous_6)
FNDA:1,(anonymous_7)
DA:1,3
DA:2,3
DA:3,3
DA:4,3
DA:6,3
DA:60,3
DA:63,2
DA:65,2
DA:69,1
DA:82,1
DA:84,1
DA:87,1
DA:89,1
DA:94,1
DA:97,1
DA:99,1
DA:101,1
DA:143,1
DA:144,1
DA:147,1
DA:149,1
DA:154,1
DA:157,1
DA:159,1
DA:161,1
DA:203,1
DA:204,1
DA:207,1
DA:209,1
DA:210,1
DA:211,0
DA:213,1
DA:215,1
DA:236,1
DA:238,1
DA:244,3
DA:245,3
DA:249,3
DA:251,3
DA:253,3
DA:254,3
DA:255,3
DA:257,0
DA:260,3
DA:261,3
DA:263,3
DA:265,0
DA:266,0
DA:267,0
DA:268,0
DA:270,0
DA:274,3
DA:276,3
DA:277,3
DA:279,3
DA:281,0
DA:285,1
DA:287,1
DA:288,1
DA:289,0
DA:291,1
DA:294,1
DA:296,1
DA:302,1
DA:303,1
DA:306,1
DA:307,1
DA:310,1
DA:312,1
DA:313,1
DA:314,0
DA:316,1
DA:319,1
DA:321,1
DA:328,1
DA:329,1
DA:332,1
DA:333,1
DA:338,3
LF:79
LH:69
BRDA:210,0,0,0
BRDA:210,0,1,1
BRDA:253,1,0,3
BRDA:253,1,1,0
BRDA:288,2,0,0
BRDA:288,2,1,1
BRDA:313,3,0,0
BRDA:313,3,1,1
BRF:8
BRH:4
end_of_record
